<?xml version="1.0" encoding="UTF-8"?>
<testng-results skipped="0" failed="1" total="2" passed="1">
  <reporter-output>
  </reporter-output>
  <suite name="Default suite" duration-ms="20014" started-at="2019-10-21T13:07:55Z" finished-at="2019-10-21T13:08:15Z">
    <groups>
    </groups>
    <test name="Default test" duration-ms="20014" started-at="2019-10-21T13:07:55Z" finished-at="2019-10-21T13:08:15Z">
      <class name="com.demo.excelsheet.Excelsheet_Testing">
        <test-method status="PASS" signature="ReportGenerat()[pri:0, instance:com.demo.excelsheet.Excelsheet_Testing@1d4e2ba]" name="ReportGenerat" is-config="true" duration-ms="1110" started-at="2019-10-21T18:37:55Z" finished-at="2019-10-21T18:37:56Z">
          <reporter-output>
          </reporter-output>
        </test-method> <!-- ReportGenerat -->
        <test-method status="FAIL" signature="Campare_Actual_with_Expected()[pri:1, instance:com.demo.excelsheet.Excelsheet_Testing@1d4e2ba]" name="Campare_Actual_with_Expected" duration-ms="17588" started-at="2019-10-21T18:37:56Z" finished-at="2019-10-21T18:38:14Z">
          <exception class="java.lang.AssertionError">
            <message>
              <![CDATA[expected:<Sagar> but was:<Swara>]]>
            </message>
            <full-stacktrace>
              <![CDATA[java.lang.AssertionError: expected:<Sagar> but was:<Swara>
	at org.testng.AssertJUnit.assertEquals(AssertJUnit.java:101)
	at org.testng.AssertJUnit.assertEquals(AssertJUnit.java:108)
	at com.demo.excelsheet.Excelsheet_Testing.Campare_Actual_with_Expected(Excelsheet_Testing.java:101)
	at sun.reflect.NativeMethodAccessorImpl.invoke0(Native Method)
	at sun.reflect.NativeMethodAccessorImpl.invoke(Unknown Source)
	at sun.reflect.DelegatingMethodAccessorImpl.invoke(Unknown Source)
	at java.lang.reflect.Method.invoke(Unknown Source)
	at org.testng.internal.MethodInvocationHelper.invokeMethod(MethodInvocationHelper.java:85)
	at org.testng.internal.Invoker.invokeMethod(Invoker.java:639)
	at org.testng.internal.Invoker.invokeTestMethod(Invoker.java:816)
	at org.testng.internal.Invoker.invokeTestMethods(Invoker.java:1124)
	at org.testng.internal.TestMethodWorker.invokeTestMethods(TestMethodWorker.java:125)
	at org.testng.internal.TestMethodWorker.run(TestMethodWorker.java:108)
	at org.testng.TestRunner.privateRun(TestRunner.java:774)
	at org.testng.TestRunner.run(TestRunner.java:624)
	at org.testng.SuiteRunner.runTest(SuiteRunner.java:359)
	at org.testng.SuiteRunner.runSequentially(SuiteRunner.java:354)
	at org.testng.SuiteRunner.privateRun(SuiteRunner.java:312)
	at org.testng.SuiteRunner.run(SuiteRunner.java:261)
	at org.testng.SuiteRunnerWorker.runSuite(SuiteRunnerWorker.java:52)
	at org.testng.SuiteRunnerWorker.run(SuiteRunnerWorker.java:86)
	at org.testng.TestNG.runSuitesSequentially(TestNG.java:1215)
	at org.testng.TestNG.runSuitesLocally(TestNG.java:1140)
	at org.testng.TestNG.run(TestNG.java:1048)
	at org.testng.remote.RemoteTestNG.run(RemoteTestNG.java:112)
	at org.testng.remote.RemoteTestNG.initAndRun(RemoteTestNG.java:205)
	at org.testng.remote.RemoteTestNG.main(RemoteTestNG.java:176)
]]>
            </full-stacktrace>
          </exception> <!-- java.lang.AssertionError -->
          <reporter-output>
          </reporter-output>
        </test-method> <!-- Campare_Actual_with_Expected -->
        <test-method status="PASS" signature="getResult(org.testng.ITestResult)[pri:0, instance:com.demo.excelsheet.Excelsheet_Testing@1d4e2ba]" name="getResult" is-config="true" duration-ms="667" started-at="2019-10-21T18:38:14Z" finished-at="2019-10-21T18:38:15Z">
          <params>
            <param index="0">
              <value>
                <![CDATA[[TestResult name=Campare_Actual_with_Expected status=FAILURE method=Excelsheet_Testing.Campare_Actual_with_Expected()[pri:1, instance:com.demo.excelsheet.Excelsheet_Testing@1d4e2ba] output={null}]]]>
              </value>
            </param>
          </params>
          <reporter-output>
          </reporter-output>
        </test-method> <!-- getResult -->
        <test-method status="PASS" signature="ReportGenerat()[pri:0, instance:com.demo.excelsheet.Excelsheet_Testing@1d4e2ba]" name="ReportGenerat" is-config="true" duration-ms="13" started-at="2019-10-21T18:38:15Z" finished-at="2019-10-21T18:38:15Z">
          <reporter-output>
          </reporter-output>
        </test-method> <!-- ReportGenerat -->
        <test-method status="PASS" signature="ScreenShort_Method()[pri:2, instance:com.demo.excelsheet.Excelsheet_Testing@1d4e2ba]" name="ScreenShort_Method" duration-ms="473" started-at="2019-10-21T18:38:15Z" finished-at="2019-10-21T18:38:15Z">
          <reporter-output>
          </reporter-output>
        </test-method> <!-- ScreenShort_Method -->
        <test-method status="PASS" signature="getResult(org.testng.ITestResult)[pri:0, instance:com.demo.excelsheet.Excelsheet_Testing@1d4e2ba]" name="getResult" is-config="true" duration-ms="100" started-at="2019-10-21T18:38:15Z" finished-at="2019-10-21T18:38:15Z">
          <params>
            <param index="0">
              <value>
                <![CDATA[[TestResult name=ScreenShort_Method status=SUCCESS method=Excelsheet_Testing.ScreenShort_Method()[pri:2, instance:com.demo.excelsheet.Excelsheet_Testing@1d4e2ba] output={null}]]]>
              </value>
            </param>
          </params>
          <reporter-output>
          </reporter-output>
        </test-method> <!-- getResult -->
      </class> <!-- com.demo.excelsheet.Excelsheet_Testing -->
    </test> <!-- Default test -->
  </suite> <!-- Default suite -->
</testng-results>
